<?xml version="1.0" encoding="UTF-8"?>
<!-- Generated by org.testng.reporters.JUnitReportReporter -->
<testsuite hostname="DESKTOP-AHGNOB7" failures="0" tests="1" name="Regression.reg" time="0.016" errors="0" timestamp="2024-02-23T10:13:16 IST" skipped="0">
  <testcase classname="Regression.reg" name="regr" time="0.016">
    <system-out>
      <![CDATA[usman]]>
    </system-out>
  </testcase> <!-- regr -->
  <system-out>
    <![CDATA[usman]]>
  </system-out>
</testsuite> <!-- Regression.reg -->
