<?xml version="1.0" encoding="UTF-8"?>
<!-- Generated by org.testng.reporters.JUnitReportReporter -->
<testsuite hostname="DESKTOP-AHGNOB7" failures="0" tests="3" name="DataProvider.DataProvExam" time="0.241" errors="0" timestamp="2024-03-05T10:41:37 IST" skipped="0">
  <testcase classname="DataProvider.DataProvExam" name="loginTest" time="0.007"/>
  <testcase classname="DataProvider.DataProvExam" name="loginTest" time="0.039"/>
  <testcase classname="DataProvider.DataProvExam" name="loginTest" time="0.195"/>
</testsuite> <!-- DataProvider.DataProvExam -->
