<?xml version="1.0" encoding="UTF-8"?>
<!-- Generated by org.testng.reporters.JUnitReportReporter -->
<testsuite hostname="DESKTOP-AHGNOB7" failures="0" tests="2" name="TestNG_Script.Instagram_Login" time="74.671" errors="0" timestamp="2024-02-21T10:36:58 IST" skipped="0">
  <testcase classname="TestNG_Script.Instagram_Login" name="login_fb" time="30.957"/>
  <testcase classname="TestNG_Script.Instagram_Login" name="login" time="43.714">
    <system-out>
      <![CDATA[Browser Launched
URL Entered
UserName Entered]]>
    </system-out>
  </testcase> <!-- login -->
  <system-out>
    <![CDATA[Flipkart Launched
Amazon Launched
Browser Launched
URL Entered
UserName Entered]]>
  </system-out>
</testsuite> <!-- TestNG_Script.Instagram_Login -->
