<?xml version="1.0" encoding="UTF-8"?>
<!-- Generated by org.testng.reporters.JUnitReportReporter -->
<testsuite hostname="DESKTOP-AHGNOB7" failures="0" tests="1" name="Report_Tool.Extent_Report" time="1.812" errors="0" timestamp="2024-03-01T11:13:25 IST" skipped="0">
  <testcase classname="Report_Tool.Extent_Report" name="test1" time="1.812"/>
</testsuite> <!-- Report_Tool.Extent_Report -->
