<?xml version="1.0" encoding="UTF-8"?>
<!-- Generated by org.testng.reporters.JUnitReportReporter -->
<testsuite hostname="DESKTOP-AHGNOB7" failures="0" tests="1" name="POM_Script.Runner_Generic_FB" time="25.517" errors="0" timestamp="2024-02-28T09:48:08 IST" skipped="0">
  <testcase classname="POM_Script.Runner_Generic_FB" name="login" time="25.517"/>
</testsuite> <!-- POM_Script.Runner_Generic_FB -->
