<?xml version="1.0" encoding="UTF-8"?>
<!-- Generated by org.testng.reporters.JUnitReportReporter -->
<testsuite hostname="DESKTOP-AHGNOB7" failures="0" tests="2" name="TestNG_Script.SortDropdwon" time="72.772" errors="0" timestamp="2024-02-24T10:23:33 IST" skipped="0">
  <testcase classname="TestNG_Script.SortDropdwon" name="fb" time="33.608"/>
  <testcase classname="TestNG_Script.SortDropdwon" name="treeSet" time="39.164"/>
</testsuite> <!-- TestNG_Script.SortDropdwon -->
