<?xml version="1.0" encoding="UTF-8"?>
<!-- Generated by org.testng.reporters.JUnitReportReporter -->
<testsuite hostname="DESKTOP-AHGNOB7" failures="0" tests="1" name="Functional.Funcion" time="0.017" errors="0" timestamp="2024-02-23T10:12:57 IST" skipped="0">
  <testcase classname="Functional.Funcion" name="ft" time="0.017">
    <system-out>
      <![CDATA[hii]]>
    </system-out>
  </testcase> <!-- ft -->
  <system-out>
    <![CDATA[hii]]>
  </system-out>
</testsuite> <!-- Functional.Funcion -->
