<?xml version="1.0" encoding="UTF-8"?>
<!-- Generated by org.testng.reporters.JUnitReportReporter -->
<testsuite hostname="DESKTOP-AHGNOB7" failures="0" tests="1" name="TestNG_Script.PropertyFile1" time="0.015" errors="0" timestamp="2024-03-04T10:31:20 IST" skipped="0">
  <testcase classname="TestNG_Script.PropertyFile1" name="fetchProp" time="0.015"/>
</testsuite> <!-- TestNG_Script.PropertyFile1 -->
